{"/mnt/c/Users/baira/Desktop/frontend-project-46/bin/index.js": {"path":"/mnt/c/Users/baira/Desktop/frontend-project-46/bin/index.js","statementMap":{"0":{"start":{"line":5,"column":16},"end":{"line":24,"column":1}},"1":{"start":{"line":6,"column":16},"end":{"line":6,"column":34}},"2":{"start":{"line":7,"column":16},"end":{"line":7,"column":34}},"3":{"start":{"line":8,"column":18},"end":{"line":8,"column":65}},"4":{"start":{"line":10,"column":15},"end":{"line":21,"column":4}},"5":{"start":{"line":11,"column":4},"end":{"line":13,"column":5}},"6":{"start":{"line":12,"column":6},"end":{"line":12,"column":41}},"7":{"start":{"line":14,"column":4},"end":{"line":16,"column":5}},"8":{"start":{"line":15,"column":6},"end":{"line":15,"column":41}},"9":{"start":{"line":17,"column":4},"end":{"line":19,"column":5}},"10":{"start":{"line":18,"column":6},"end":{"line":18,"column":41}},"11":{"start":{"line":20,"column":4},"end":{"line":20,"column":66}},"12":{"start":{"line":23,"column":2},"end":{"line":23,"column":36}},"13":{"start":{"line":26,"column":0},"end":{"line":26,"column":35}}},"fnMap":{"0":{"name":"(anonymous_0)","decl":{"start":{"line":5,"column":16},"end":{"line":5,"column":17}},"loc":{"start":{"line":5,"column":33},"end":{"line":24,"column":1}},"line":5},"1":{"name":"(anonymous_1)","decl":{"start":{"line":10,"column":27},"end":{"line":10,"column":28}},"loc":{"start":{"line":10,"column":36},"end":{"line":21,"column":3}},"line":10}},"branchMap":{"0":{"loc":{"start":{"line":11,"column":4},"end":{"line":13,"column":5}},"type":"if","locations":[{"start":{"line":11,"column":4},"end":{"line":13,"column":5}},{"start":{},"end":{}}],"line":11},"1":{"loc":{"start":{"line":14,"column":4},"end":{"line":16,"column":5}},"type":"if","locations":[{"start":{"line":14,"column":4},"end":{"line":16,"column":5}},{"start":{},"end":{}}],"line":14},"2":{"loc":{"start":{"line":17,"column":4},"end":{"line":19,"column":5}},"type":"if","locations":[{"start":{"line":17,"column":4},"end":{"line":19,"column":5}},{"start":{},"end":{}}],"line":17}},"s":{"0":1,"1":2,"2":2,"3":2,"4":2,"5":10,"6":2,"7":8,"8":4,"9":4,"10":2,"11":2,"12":2,"13":1},"f":{"0":2,"1":10},"b":{"0":[2,8],"1":[4,4],"2":[2,2]},"_coverageSchema":"1a1c01bbd47fc00a2c39e90264f33305004495a9","hash":"bee3eecb721787d2ed117eec5c65de917588852b"}
,"/mnt/c/Users/baira/Desktop/frontend-project-46/parse/parser.js": {"path":"/mnt/c/Users/baira/Desktop/frontend-project-46/parse/parser.js","statementMap":{"0":{"start":{"line":4,"column":21},"end":{"line":4,"column":60}},"1":{"start":{"line":5,"column":21},"end":{"line":5,"column":60}},"2":{"start":{"line":7,"column":21},"end":{"line":7,"column":45}},"3":{"start":{"line":8,"column":21},"end":{"line":8,"column":45}}},"fnMap":{},"branchMap":{},"s":{"0":1,"1":1,"2":1,"3":1},"f":{},"b":{},"_coverageSchema":"1a1c01bbd47fc00a2c39e90264f33305004495a9","hash":"638c745ad28e3e768ec09df31261eb1ad684a81d"}
,"/mnt/c/Users/baira/Desktop/frontend-project-46/parse/path.js": {"path":"/mnt/c/Users/baira/Desktop/frontend-project-46/parse/path.js","statementMap":{"0":{"start":{"line":4,"column":18},"end":{"line":4,"column":38}},"1":{"start":{"line":5,"column":18},"end":{"line":5,"column":38}},"2":{"start":{"line":7,"column":29},"end":{"line":7,"column":67}},"3":{"start":{"line":8,"column":29},"end":{"line":8,"column":67}}},"fnMap":{},"branchMap":{},"s":{"0":1,"1":1,"2":1,"3":1},"f":{},"b":{},"_coverageSchema":"1a1c01bbd47fc00a2c39e90264f33305004495a9","hash":"da9ca5a4bda01b7322e6b506cbd9e088dd6f53ec"}
}
