{"/mnt/c/users/baira/desktop/frontend-project-46/parse/parser.js": {"path":"/mnt/c/users/baira/desktop/frontend-project-46/parse/parser.js","statementMap":{"0":{"start":{"line":2,"column":25},"end":{"line":2,"column":41}},"1":{"start":{"line":3,"column":25},"end":{"line":3,"column":41}}},"fnMap":{},"branchMap":{},"s":{"0":1,"1":1},"f":{},"b":{},"_coverageSchema":"1a1c01bbd47fc00a2c39e90264f33305004495a9","hash":"c0ce53f956bdd8604e242db544214d960151e785"}
,"/mnt/c/users/baira/desktop/frontend-project-46/src/genDiff.js": {"path":"/mnt/c/users/baira/desktop/frontend-project-46/src/genDiff.js","statementMap":{},"fnMap":{},"branchMap":{},"s":{},"f":{},"b":{},"_coverageSchema":"1a1c01bbd47fc00a2c39e90264f33305004495a9","hash":"1c0886f0f08ebbe25b04dff277602717b93d365f"}
,"/mnt/c/users/baira/desktop/frontend-project-46/src/index.js": {"path":"/mnt/c/users/baira/desktop/frontend-project-46/src/index.js","statementMap":{"0":{"start":{"line":6,"column":16},"end":{"line":30,"column":1}},"1":{"start":{"line":7,"column":24},"end":{"line":7,"column":62}},"2":{"start":{"line":8,"column":24},"end":{"line":8,"column":62}},"3":{"start":{"line":10,"column":15},"end":{"line":10,"column":66}},"4":{"start":{"line":11,"column":15},"end":{"line":11,"column":66}},"5":{"start":{"line":13,"column":15},"end":{"line":13,"column":68}},"6":{"start":{"line":15,"column":15},"end":{"line":27,"column":6}},"7":{"start":{"line":17,"column":6},"end":{"line":19,"column":7}},"8":{"start":{"line":18,"column":8},"end":{"line":18,"column":42}},"9":{"start":{"line":20,"column":6},"end":{"line":22,"column":7}},"10":{"start":{"line":21,"column":8},"end":{"line":21,"column":42}},"11":{"start":{"line":23,"column":6},"end":{"line":25,"column":7}},"12":{"start":{"line":24,"column":8},"end":{"line":24,"column":42}},"13":{"start":{"line":26,"column":6},"end":{"line":26,"column":66}},"14":{"start":{"line":29,"column":2},"end":{"line":29,"column":36}}},"fnMap":{"0":{"name":"(anonymous_0)","decl":{"start":{"line":6,"column":16},"end":{"line":6,"column":17}},"loc":{"start":{"line":6,"column":42},"end":{"line":30,"column":1}},"line":6},"1":{"name":"(anonymous_1)","decl":{"start":{"line":16,"column":9},"end":{"line":16,"column":10}},"loc":{"start":{"line":16,"column":18},"end":{"line":27,"column":5}},"line":16}},"branchMap":{"0":{"loc":{"start":{"line":17,"column":6},"end":{"line":19,"column":7}},"type":"if","locations":[{"start":{"line":17,"column":6},"end":{"line":19,"column":7}},{"start":{},"end":{}}],"line":17},"1":{"loc":{"start":{"line":20,"column":6},"end":{"line":22,"column":7}},"type":"if","locations":[{"start":{"line":20,"column":6},"end":{"line":22,"column":7}},{"start":{},"end":{}}],"line":20},"2":{"loc":{"start":{"line":23,"column":6},"end":{"line":25,"column":7}},"type":"if","locations":[{"start":{"line":23,"column":6},"end":{"line":25,"column":7}},{"start":{},"end":{}}],"line":23}},"s":{"0":1,"1":1,"2":1,"3":1,"4":1,"5":1,"6":1,"7":5,"8":1,"9":4,"10":1,"11":3,"12":2,"13":1,"14":1},"f":{"0":1,"1":5},"b":{"0":[1,4],"1":[1,3],"2":[2,1]},"_coverageSchema":"1a1c01bbd47fc00a2c39e90264f33305004495a9","hash":"14d64cabc45e8ac33e0030adb2055b0ecc092c87"}
}
