TN:
SF:formatters/index.js
FN:4,(anonymous_0)
FNF:1
FNH:1
FNDA:5,(anonymous_0)
DA:4,1
DA:5,5
DA:7,1
DA:9,4
LF:4
LH:4
BRDA:5,0,0,1
BRDA:5,0,1,4
BRF:2
BRH:2
end_of_record
TN:
SF:formatters/plain.js
FN:1,(anonymous_0)
FN:14,(anonymous_1)
FN:15,(anonymous_2)
FNF:3
FNH:3
FNDA:13,(anonymous_0)
FNDA:1,(anonymous_1)
FNDA:5,(anonymous_2)
DA:1,1
DA:2,13
DA:3,1
DA:5,12
DA:6,3
DA:8,9
DA:9,7
DA:11,2
DA:14,1
DA:15,1
DA:16,5
DA:17,5
DA:18,22
DA:19,22
DA:20,22
DA:22,22
DA:23,4
DA:24,18
DA:26,14
DA:28,5
DA:29,5
DA:31,2
DA:32,2
DA:34,4
DA:35,4
DA:39,5
DA:42,1
LF:27
LH:27
BRDA:2,0,0,1
BRDA:2,0,1,12
BRDA:5,1,0,3
BRDA:5,1,1,9
BRDA:5,2,0,12
BRDA:5,2,1,3
BRDA:5,2,2,3
BRDA:8,3,0,7
BRDA:8,3,1,2
BRDA:22,4,0,4
BRDA:22,4,1,18
BRDA:22,5,0,22
BRDA:22,5,1,6
BRDA:22,5,2,6
BRDA:22,5,3,4
BRDA:24,6,0,4
BRDA:24,6,1,14
BRDA:24,7,0,18
BRDA:24,7,1,9
BRDA:24,7,2,8
BRDA:24,7,3,4
BRDA:26,8,0,5
BRDA:26,8,1,2
BRDA:26,8,2,4
BRF:24
BRH:24
end_of_record
TN:
SF:formatters/stylish.js
FN:3,(anonymous_0)
FN:7,(anonymous_1)
FN:13,(anonymous_2)
FN:18,(anonymous_3)
FNF:4
FNH:4
FNDA:66,(anonymous_0)
FNDA:18,(anonymous_1)
FNDA:12,(anonymous_2)
FNDA:56,(anonymous_3)
DA:3,1
DA:4,66
DA:5,14
DA:6,14
DA:7,18
DA:8,14
DA:10,52
DA:13,1
DA:14,12
DA:15,12
DA:16,12
DA:18,12
DA:19,56
DA:20,56
DA:22,56
DA:24,18
DA:26,22
DA:28,8
DA:30,8
DA:34,12
LF:20
LH:20
BRDA:4,0,0,14
BRDA:4,0,1,52
BRDA:4,1,0,66
BRDA:4,1,1,14
BRDA:10,2,0,28
BRDA:10,2,1,24
BRDA:13,3,0,4
BRDA:20,4,0,8
BRDA:20,4,1,48
BRDA:22,5,0,18
BRDA:22,5,1,22
BRDA:22,5,2,8
BRDA:22,5,3,8
BRF:13
BRH:13
end_of_record
TN:
SF:parse/parser.js
FN:5,(anonymous_0)
FNF:1
FNH:1
FNDA:10,(anonymous_0)
DA:5,1
DA:6,10
DA:7,10
DA:9,10
DA:12,4
DA:14,6
LF:6
LH:6
BRDA:9,0,0,4
BRDA:9,0,1,4
BRDA:9,0,2,6
BRF:3
BRH:3
end_of_record
TN:
SF:parse/path.js
FNF:0
FNH:0
DA:1,1
DA:2,1
DA:4,1
DA:5,1
DA:7,1
DA:8,1
DA:10,1
DA:11,1
LF:8
LH:8
BRF:0
BRH:0
end_of_record
TN:
SF:src/diff.js
FN:5,(anonymous_0)
FNF:1
FNH:1
FNDA:5,(anonymous_0)
DA:5,1
DA:6,5
DA:7,5
DA:9,5
DA:10,5
DA:12,5
LF:6
LH:6
BRDA:5,0,0,4
BRF:1
BRH:1
end_of_record
TN:
SF:src/formatDiff.js
FN:3,(anonymous_0)
FN:6,(anonymous_1)
FN:23,(anonymous_2)
FNF:3
FNH:3
FNDA:17,(anonymous_0)
FNDA:64,(anonymous_1)
FNDA:78,(anonymous_2)
DA:3,1
DA:4,17
DA:6,17
DA:7,64
DA:8,10
DA:10,54
DA:11,17
DA:13,37
DA:14,12
DA:16,25
DA:17,14
DA:22,11
DA:23,78
LF:13
LH:13
BRDA:7,0,0,10
BRDA:7,0,1,54
BRDA:10,1,0,17
BRDA:10,1,1,37
BRDA:13,2,0,12
BRDA:13,2,1,25
BRDA:13,3,0,37
BRDA:13,3,1,15
BRDA:13,3,2,12
BRDA:13,3,3,12
BRDA:16,4,0,14
BRDA:16,4,1,11
BRDA:23,5,0,78
BRDA:23,5,1,0
BRF:14
BRH:13
end_of_record
TN:
SF:src/genDiff.js
FNF:0
FNH:0
LF:0
LH:0
BRF:0
BRH:0
end_of_record
