TN:
SF:parse/parser.js
FNF:0
FNH:0
DA:2,1
DA:3,1
LF:2
LH:2
BRF:0
BRH:0
end_of_record
TN:
SF:src/genDiff.js
FNF:0
FNH:0
LF:0
LH:0
BRF:0
BRH:0
end_of_record
TN:
SF:src/index.js
FN:6,(anonymous_0)
FN:16,(anonymous_1)
FNF:2
FNH:2
FNDA:1,(anonymous_0)
FNDA:5,(anonymous_1)
DA:6,1
DA:7,1
DA:8,1
DA:10,1
DA:11,1
DA:13,1
DA:15,1
DA:17,5
DA:18,1
DA:20,4
DA:21,1
DA:23,3
DA:24,2
DA:26,1
DA:29,1
LF:15
LH:15
BRDA:17,0,0,1
BRDA:17,0,1,4
BRDA:20,1,0,1
BRDA:20,1,1,3
BRDA:23,2,0,2
BRDA:23,2,1,1
BRF:6
BRH:6
end_of_record
